Compiler supported targets: xtensa-esp32-elf

Cloning into 'src/Micro-XRCE-DDS-Client'...
Cloning into 'src/ament_cmake'...
Cloning into 'src/ament_lint'...
Cloning into 'src/ament_package'...
Cloning into 'src/googletest'...
Cloning into 'src/rmw_microxrcedds'...
Cloning into 'src/micro-CDR'...
Cloning into 'src/ament_cmake_ros'...
Cloning into 'src/ament_index'...
Cloning into 'src/rcl'...
Cloning into 'src/rclc'...
Cloning into 'src/rcutils'...
Cloning into 'src/micro_ros_msgs'...
--- stderr: gtest_vendor
CMake Warning:
  Manually-specified variables were not used by the project:

    BUILD_TESTING
    CMAKE_CXX_COMPILER
    CMAKE_C_COMPILER


---
--- stderr: gmock_vendor
CMake Warning:
  Manually-specified variables were not used by the project:

    BUILD_TESTING
    CMAKE_CXX_COMPILER
    CMAKE_C_COMPILER


---
Cloning into 'src/rosidl_typesupport'...
--- stderr: ament_lint
/home/robby/.espressif/python_env/idf5.1_py3.10_env/lib/python3.10/site-packages/setuptools/command/install.py:34: SetuptoolsDeprecationWarning: setup.py install is deprecated. Use build and pip and other standards-based tools.
  warnings.warn(
---
--- stderr: ament_pycodestyle
/home/robby/.espressif/python_env/idf5.1_py3.10_env/lib/python3.10/site-packages/setuptools/command/install.py:34: SetuptoolsDeprecationWarning: setup.py install is deprecated. Use build and pip and other standards-based tools.
  warnings.warn(
---
--- stderr: ament_cppcheck
/home/robby/.espressif/python_env/idf5.1_py3.10_env/lib/python3.10/site-packages/setuptools/command/install.py:34: SetuptoolsDeprecationWarning: setup.py install is deprecated. Use build and pip and other standards-based tools.
  warnings.warn(
---
--- stderr: ament_package
/home/robby/.espressif/python_env/idf5.1_py3.10_env/lib/python3.10/site-packages/setuptools/command/install.py:34: SetuptoolsDeprecationWarning: setup.py install is deprecated. Use build and pip and other standards-based tools.
  warnings.warn(
---
Cloning into 'src/rosidl_typesupport_microxrcedds'...
--- stderr: ament_cmake_core
Traceback (most recent call last):
  File "/home/robby/esp/micro_ros_espidf_component/micro_ros_dev/src/ament_cmake/ament_cmake_core/cmake/core/package_xml_2_cmake.py", line 22, in <module>
    from catkin_pkg.package import parse_package_string
ModuleNotFoundError: No module named 'catkin_pkg'
CMake Error at cmake/core/ament_package_xml.cmake:95 (message):
  execute_process(/usr/bin/python3.11
  /home/robby/esp/micro_ros_espidf_component/micro_ros_dev/src/ament_cmake/ament_cmake_core/cmake/core/package_xml_2_cmake.py
  /home/robby/esp/micro_ros_espidf_component/micro_ros_dev/src/ament_cmake/ament_cmake_core/package.xml
  /home/robby/esp/micro_ros_espidf_component/micro_ros_dev/build/ament_cmake_core/ament_cmake_core/package.cmake)
  returned error code 1
Call Stack (most recent call first):
  cmake/core/ament_package_xml.cmake:49 (_ament_package_xml)
  CMakeLists.txt:15 (ament_package_xml)


---
Failed   <<< ament_cmake_core [0.39s, exited with code 1]
Cloning into 'src/rosidl'...
make: *** [libmicroros.mk:38: /home/robby/esp/micro_ros_espidf_component/micro_ros_dev/install] Error 1
make: *** Waiting for unfinished jobs....
Cloning into 'src/rmw'...
Cloning into 'src/rcl_interfaces'...
Cloning into 'src/rosidl_defaults'...
Cloning into 'src/unique_identifier_msgs'...
Cloning into 'src/common_interfaces'...
Cloning into 'src/example_interfaces'...
Cloning into 'src/test_interface_files'...
Cloning into 'src/rmw_implementation'...
Cloning into 'src/rcl_logging'...
Cloning into 'src/ros2_tracing'...
warning: redirecting to https://gitlab.com/ros-tracing/ros2_tracing.git/
Cloning into 'src/micro_ros_utilities'...
touch: cannot touch 'src/rcl_logging/rcl_logging_log4cxx/COLCON_IGNORE': No such file or directory
